
ROM used: 858 (10%)
          858 (10%) including unused fragments

          1 Average locations per line
          2 Average locations per statement

RAM used: 16 (4%) at main() level
          29 (8%) worst case

Stack used: 6 worst case (out of 8 total available)

Lines Stmts  %   Files
----- ----- ---  -----
  181    99  18  main.c
  718   396  70  Hormiga877.h
  326     0   0  ..\..\..\..\..\Program Files\PICC\devices\16F877A.h
  348    67  12  ..\..\..\..\..\Program Files\PICC\drivers\lcd.c
----- -----
 1573   562 Total

Page ROM  %  RAM   Vol Diff  Functions:
---- --- --- ---   --- ----  ----------
0     20   2   1             @delay_ms1
0      8   1   0    70  1.9  @const76
 Inline        3   587  6.0  lcd_read_byte
0      6   1   0    59  4.2  lcd_read_nibble
0     13   2   1   172  3.4  lcd_send_nibble
0     59   7   3   317  4.3  lcd_send_byte
 Inline        2   624  5.8  lcd_init
0     18   2   4   186  5.5  lcd_gotoxy
0     37   4   1   272  4.1  lcd_putc
0     20   2   1             @delay_ms2
0     31   4   0    70  1.9  MAIN
0     96  11   1   376  3.7  analogRead
0      9   1   0             @goto10688
0     56   7   0   280  1.8  ConfiguracionInicial
0     90  10   0   297  3.6  setup
0      3   0   0  1763 10.3  @const141
0     70   8   3             @PSTRINGC7_93
0      1   0   0  1763 10.3  @const143
0    149  17   2  1546  9.3  loop
0     37   4   2   937  5.0  @MUL88
 Inline        0     5  1.0  proceso
0    131  15   2   937  5.0  AnalogKeypadRead

Program metrics:
    Functions               18
    Statements              562
    Comments                168
    Volume (V)              16579
    Difficilty (D)          86.2
    Effort to implement (E) 1429163
    Time to implement (T)   22 hours, 3 minutes
    Est Delivered Bugs (B)  4
    Cyclomatic Complexity   89
    Maintainability (MI)    29

 Segment     Used  Free
-----------  ----  ----
00000-00003     4  0  
00004-007FF   854  1190  
00800-00FFF     0  2048  
01000-017FF     0  2048  
01800-01FFF     0  2048  



