

Microchip Technology PIC LITE Macro Assembler V2.00 build -1524193055 
                                                                                               Mon Jun 15 19:00:48 2020

Microchip Technology Omniscient Code Generator v2.00 (Free mode) build 20180527130849
     1  0000                     
      + 0000                     
     2                           ; Version 2.00
     3                           ; Generated 27/05/2018 GMT
     4                           
     5                           ; 
     6                           ; Copyright © 2018, Microchip Technology Inc. and its subsidiaries ("Microchip")
     7                           ; All rights reserved.
     8                           ; 
     9                           ; This software is developed by Microchip Technology Inc. and its subsidiaries ("Microch
                                 ip").
    10                           ; 
    11                           ; Redistribution and use in source and binary forms, with or without modification, are
    12                           ; permitted provided that the following conditions are met:
    13                           ; 
    14                           ;     1. Redistributions of source code must retain the above copyright notice, this lis
                                 t of
    15                           ;        conditions and the following disclaimer.
    16                           ; 
    17                           ;     2. Redistributions in binary form must reproduce the above copyright notice, this 
                                 list
    18                           ;        of conditions and the following disclaimer in the documentation and/or other
    19                           ;        materials provided with the distribution.
    20                           ; 
    21                           ;     3. Microchip's name may not be used to endorse or promote products derived from th
                                 is
    22                           ;        software without specific prior written permission.
    23                           ; 
    24                           ; THIS SOFTWARE IS PROVIDED BY MICROCHIP "AS IS" AND ANY EXPRESS OR IMPLIED WARRANTIES,

    25                           ; INCLUDING, BUT NOT LIMITED TO, THE IMPLIED WARRANTIES OF MERCHANTABILITY AND FITNESS F
                                 OR
    26                           ; PURPOSE ARE DISCLAIMED.  IN NO EVENT SHALL MICROCHIP BE LIABLE FOR ANY DIRECT, INDIREC
                                 T,
    27                           ; INCIDENTAL, SPECIAL, EXEMPLARY, OR CONSEQUENTIAL DAMAGES (INCLUDING BUT NOT LIMITED TO
                                 
    28                           ; PROCUREMENT OF SUBSTITUTE GOODS OR SERVICES; LOSS OF USE, DATA OR PROFITS; OR BUSINESS
                                 
    29                           ; INTERRUPTION) HOWSOEVER CAUSED AND ON ANY THEORY OF LIABILITY, WHETHER IN CONTRACT, ST
                                 RICT
    30                           ; LIABILITY, OR TORT (INCLUDING NEGLIGENCE OR OTHERWISE) ARISING IN ANY WAY OUT OF THE U
                                 SE OF
    31                           ; THIS SOFTWARE, EVEN IF ADVISED OF THE POSSIBILITY OF SUCH DAMAGE.
    32                           ; 
    33                           
    34                           
    35                           ; 
    36                           ; Code-generator required, PIC16F877A Definitions
    37                           ; 
    38  0004                     fsr0 equ 04h
    39  0004                     indf equ 00h
    40  0000                     indf0 equ 00h
    41  0000                     pc equ 02h
    42  0002                     pcl equ 02h
    43  0002                     pclath equ 0Ah
    44  000A                     status equ 03h
    45  0003                     
     2                           opt pagewidth 120
     3  0000                     byte0	macro	val
     4                           	(getbyte(val,0))
     5                           endm
     6  0000                     byte1	macro	val
     7                           	(getbyte(val,1))
     8                           endm
     9  0000                     byte2	macro	val
    10                           	(getbyte(val,2))
    11                           endm
    12  0000                     byte3	macro	val
    13                           	(getbyte(val,3))
    14                           endm
    15  0000                     byte4	macro	val
    16                           	(getbyte(val,4))
    17                           endm
    18  0000                     byte5	macro	val
    19                           	(getbyte(val,5))
    20                           endm
    21  0000                     byte6	macro	val
    22                           	(getbyte(val,6))
    23                           endm
    24  0000                     byte7	macro	val
    25                           	(getbyte(val,7))
    26                           endm
    27  0000                     getword	macro	val,pos
    28                           	(((val) >> (8 * pos)) and 0xffff)
    29                           endm
    30  0000                     word0	macro	val
    31                           	(getword(val,0))
    32                           endm
    33  0000                     word1	macro	val
    34                           	(getword(val,2))
    35                           endm
    36  0000                     word2	macro	val
    37                           	(getword(val,4))
    38                           endm
    39  0000                     word3	macro	val
    40                           	(getword(val,6))
    41                           endm
    42  0000                     gettword	macro	val,pos
    43                           	(((val) >> (8 * pos)) and 0xffffff)
    44                           endm
    45  0000                     tword0	macro	val
    46                           	(gettword(val,0))
    47                           endm
    48  0000                     tword1	macro	val
    49                           	(gettword(val,3))
    50                           endm
    51  0000                     tword2	macro	val
    52                           	(gettword(val,6))
    53                           endm
    54  0000                     getdword	macro	val,pos
    55                           	(((val) >> (8 * pos)) and 0xffffffff)
    56                           endm
    57  0000                     dword0	macro	val
    58                           	(getdword(val,0))
    59                           endm
    60  0000                     dword1	macro	val
    61                           	(getdword(val,4))
    62                           endm
    63  0000                     clrc	macro
    64                           	bcf	3,0
    65                           	endm
    66  0000                     clrz	macro
    67                           	bcf	3,2
    68                           	endm
    69  0000                     setc	macro
    70                           	bsf	3,0
    71                           	endm
    72  0000                     setz	macro
    73                           	bsf	3,2
    74                           	endm
    75  0000                     skipc	macro
    76                           	btfss	3,0
    77                           	endm
    78  0000                     skipz	macro
    79                           	btfss	3,2
    80                           	endm
    81  0000                     skipnc	macro
    82                           	btfsc	3,0
    83                           	endm
    84  0000                     skipnz	macro
    85                           	btfsc	3,2
    86                           	endm
    87  0000                     # 54 "C:\Program Files (x86)\Microchip\xc8\v2.00\pic\include\pic16f877a.h"
    88                           INDF equ 00h ;# 
    89  0000                     # 61 "C:\Program Files (x86)\Microchip\xc8\v2.00\pic\include\pic16f877a.h"
    90                           TMR0 equ 01h ;# 
    91  0001                     # 68 "C:\Program Files (x86)\Microchip\xc8\v2.00\pic\include\pic16f877a.h"
    92                           PCL equ 02h ;# 
    93  0002                     # 75 "C:\Program Files (x86)\Microchip\xc8\v2.00\pic\include\pic16f877a.h"
    94                           STATUS equ 03h ;# 
    95  0003                     # 161 "C:\Program Files (x86)\Microchip\xc8\v2.00\pic\include\pic16f877a.h"
    96                           FSR equ 04h ;# 
    97  0004                     # 168 "C:\Program Files (x86)\Microchip\xc8\v2.00\pic\include\pic16f877a.h"
    98                           PORTA equ 05h ;# 
    99  0005                     # 218 "C:\Program Files (x86)\Microchip\xc8\v2.00\pic\include\pic16f877a.h"
   100                           PORTB equ 06h ;# 
   101  0006                     # 280 "C:\Program Files (x86)\Microchip\xc8\v2.00\pic\include\pic16f877a.h"
   102                           PORTC equ 07h ;# 
   103  0007                     # 342 "C:\Program Files (x86)\Microchip\xc8\v2.00\pic\include\pic16f877a.h"
   104                           PORTD equ 08h ;# 
   105  0008                     # 404 "C:\Program Files (x86)\Microchip\xc8\v2.00\pic\include\pic16f877a.h"
   106                           PORTE equ 09h ;# 
   107  0009                     # 436 "C:\Program Files (x86)\Microchip\xc8\v2.00\pic\include\pic16f877a.h"
   108                           PCLATH equ 0Ah ;# 
   109  000A                     # 456 "C:\Program Files (x86)\Microchip\xc8\v2.00\pic\include\pic16f877a.h"
   110                           INTCON equ 0Bh ;# 
   111  000B                     # 534 "C:\Program Files (x86)\Microchip\xc8\v2.00\pic\include\pic16f877a.h"
   112                           PIR1 equ 0Ch ;# 
   113  000C                     # 596 "C:\Program Files (x86)\Microchip\xc8\v2.00\pic\include\pic16f877a.h"
   114                           PIR2 equ 0Dh ;# 
   115  000D                     # 636 "C:\Program Files (x86)\Microchip\xc8\v2.00\pic\include\pic16f877a.h"
   116                           TMR1 equ 0Eh ;# 
   117  000E                     # 643 "C:\Program Files (x86)\Microchip\xc8\v2.00\pic\include\pic16f877a.h"
   118                           TMR1L equ 0Eh ;# 
   119  000E                     # 650 "C:\Program Files (x86)\Microchip\xc8\v2.00\pic\include\pic16f877a.h"
   120                           TMR1H equ 0Fh ;# 
   121  000F                     # 657 "C:\Program Files (x86)\Microchip\xc8\v2.00\pic\include\pic16f877a.h"
   122                           T1CON equ 010h ;# 
   123  0010                     # 732 "C:\Program Files (x86)\Microchip\xc8\v2.00\pic\include\pic16f877a.h"
   124                           TMR2 equ 011h ;# 
   125  0011                     # 739 "C:\Program Files (x86)\Microchip\xc8\v2.00\pic\include\pic16f877a.h"
   126                           T2CON equ 012h ;# 
   127  0012                     # 810 "C:\Program Files (x86)\Microchip\xc8\v2.00\pic\include\pic16f877a.h"
   128                           SSPBUF equ 013h ;# 
   129  0013                     # 817 "C:\Program Files (x86)\Microchip\xc8\v2.00\pic\include\pic16f877a.h"
   130                           SSPCON equ 014h ;# 
   131  0014                     # 887 "C:\Program Files (x86)\Microchip\xc8\v2.00\pic\include\pic16f877a.h"
   132                           CCPR1 equ 015h ;# 
   133  0015                     # 894 "C:\Program Files (x86)\Microchip\xc8\v2.00\pic\include\pic16f877a.h"
   134                           CCPR1L equ 015h ;# 
   135  0015                     # 901 "C:\Program Files (x86)\Microchip\xc8\v2.00\pic\include\pic16f877a.h"
   136                           CCPR1H equ 016h ;# 
   137  0016                     # 908 "C:\Program Files (x86)\Microchip\xc8\v2.00\pic\include\pic16f877a.h"
   138                           CCP1CON equ 017h ;# 
   139  0017                     # 966 "C:\Program Files (x86)\Microchip\xc8\v2.00\pic\include\pic16f877a.h"
   140                           RCSTA equ 018h ;# 
   141  0018                     # 1061 "C:\Program Files (x86)\Microchip\xc8\v2.00\pic\include\pic16f877a.h"
   142                           TXREG equ 019h ;# 
   143  0019                     # 1068 "C:\Program Files (x86)\Microchip\xc8\v2.00\pic\include\pic16f877a.h"
   144                           RCREG equ 01Ah ;# 
   145  001A                     # 1075 "C:\Program Files (x86)\Microchip\xc8\v2.00\pic\include\pic16f877a.h"
   146                           CCPR2 equ 01Bh ;# 
   147  001B                     # 1082 "C:\Program Files (x86)\Microchip\xc8\v2.00\pic\include\pic16f877a.h"
   148                           CCPR2L equ 01Bh ;# 
   149  001B                     # 1089 "C:\Program Files (x86)\Microchip\xc8\v2.00\pic\include\pic16f877a.h"
   150                           CCPR2H equ 01Ch ;# 
   151  001C                     # 1096 "C:\Program Files (x86)\Microchip\xc8\v2.00\pic\include\pic16f877a.h"
   152                           CCP2CON equ 01Dh ;# 
   153  001D                     # 1154 "C:\Program Files (x86)\Microchip\xc8\v2.00\pic\include\pic16f877a.h"
   154                           ADRESH equ 01Eh ;# 
   155  001E                     # 1161 "C:\Program Files (x86)\Microchip\xc8\v2.00\pic\include\pic16f877a.h"
   156                           ADCON0 equ 01Fh ;# 
   157  001F                     # 1257 "C:\Program Files (x86)\Microchip\xc8\v2.00\pic\include\pic16f877a.h"
   158                           OPTION_REG equ 081h ;# 
   159  0081                     # 1327 "C:\Program Files (x86)\Microchip\xc8\v2.00\pic\include\pic16f877a.h"
   160                           TRISA equ 085h ;# 
   161  0085                     # 1377 "C:\Program Files (x86)\Microchip\xc8\v2.00\pic\include\pic16f877a.h"
   162                           TRISB equ 086h ;# 
   163  0086                     # 1439 "C:\Program Files (x86)\Microchip\xc8\v2.00\pic\include\pic16f877a.h"
   164                           TRISC equ 087h ;# 
   165  0087                     # 1501 "C:\Program Files (x86)\Microchip\xc8\v2.00\pic\include\pic16f877a.h"
   166                           TRISD equ 088h ;# 
   167  0088                     # 1563 "C:\Program Files (x86)\Microchip\xc8\v2.00\pic\include\pic16f877a.h"
   168                           TRISE equ 089h ;# 
   169  0089                     # 1620 "C:\Program Files (x86)\Microchip\xc8\v2.00\pic\include\pic16f877a.h"
   170                           PIE1 equ 08Ch ;# 
   171  008C                     # 1682 "C:\Program Files (x86)\Microchip\xc8\v2.00\pic\include\pic16f877a.h"
   172                           PIE2 equ 08Dh ;# 
   173  008D                     # 1722 "C:\Program Files (x86)\Microchip\xc8\v2.00\pic\include\pic16f877a.h"
   174                           PCON equ 08Eh ;# 
   175  008E                     # 1756 "C:\Program Files (x86)\Microchip\xc8\v2.00\pic\include\pic16f877a.h"
   176                           SSPCON2 equ 091h ;# 
   177  0091                     # 1818 "C:\Program Files (x86)\Microchip\xc8\v2.00\pic\include\pic16f877a.h"
   178                           PR2 equ 092h ;# 
   179  0092                     # 1825 "C:\Program Files (x86)\Microchip\xc8\v2.00\pic\include\pic16f877a.h"
   180                           SSPADD equ 093h ;# 
   181  0093                     # 1832 "C:\Program Files (x86)\Microchip\xc8\v2.00\pic\include\pic16f877a.h"
   182                           SSPSTAT equ 094h ;# 
   183  0094                     # 2001 "C:\Program Files (x86)\Microchip\xc8\v2.00\pic\include\pic16f877a.h"
   184                           TXSTA equ 098h ;# 
   185  0098                     # 2082 "C:\Program Files (x86)\Microchip\xc8\v2.00\pic\include\pic16f877a.h"
   186                           SPBRG equ 099h ;# 
   187  0099                     # 2089 "C:\Program Files (x86)\Microchip\xc8\v2.00\pic\include\pic16f877a.h"
   188                           CMCON equ 09Ch ;# 
   189  009C                     # 2159 "C:\Program Files (x86)\Microchip\xc8\v2.00\pic\include\pic16f877a.h"
   190                           CVRCON equ 09Dh ;# 
   191  009D                     # 2224 "C:\Program Files (x86)\Microchip\xc8\v2.00\pic\include\pic16f877a.h"
   192                           ADRESL equ 09Eh ;# 
   193  009E                     # 2231 "C:\Program Files (x86)\Microchip\xc8\v2.00\pic\include\pic16f877a.h"
   194                           ADCON1 equ 09Fh ;# 
   195  009F                     # 2290 "C:\Program Files (x86)\Microchip\xc8\v2.00\pic\include\pic16f877a.h"
   196                           EEDATA equ 010Ch ;# 
   197  010C                     # 2297 "C:\Program Files (x86)\Microchip\xc8\v2.00\pic\include\pic16f877a.h"
   198                           EEADR equ 010Dh ;# 
   199  010D                     # 2304 "C:\Program Files (x86)\Microchip\xc8\v2.00\pic\include\pic16f877a.h"
   200                           EEDATH equ 010Eh ;# 
   201  010E                     # 2311 "C:\Program Files (x86)\Microchip\xc8\v2.00\pic\include\pic16f877a.h"
   202                           EEADRH equ 010Fh ;# 
   203  010F                     # 2318 "C:\Program Files (x86)\Microchip\xc8\v2.00\pic\include\pic16f877a.h"
   204                           EECON1 equ 018Ch ;# 
   205  018C                     # 2363 "C:\Program Files (x86)\Microchip\xc8\v2.00\pic\include\pic16f877a.h"
   206                           EECON2 equ 018Dh ;# 
   207  018D                     # 54 "C:\Program Files (x86)\Microchip\xc8\v2.00\pic\include\pic16f877a.h"
   208                           INDF equ 00h ;# 
   209  0000                     # 61 "C:\Program Files (x86)\Microchip\xc8\v2.00\pic\include\pic16f877a.h"
   210                           TMR0 equ 01h ;# 
   211  0001                     # 68 "C:\Program Files (x86)\Microchip\xc8\v2.00\pic\include\pic16f877a.h"
   212                           PCL equ 02h ;# 
   213  0002                     # 75 "C:\Program Files (x86)\Microchip\xc8\v2.00\pic\include\pic16f877a.h"
   214                           STATUS equ 03h ;# 
   215  0003                     # 161 "C:\Program Files (x86)\Microchip\xc8\v2.00\pic\include\pic16f877a.h"
   216                           FSR equ 04h ;# 
   217  0004                     # 168 "C:\Program Files (x86)\Microchip\xc8\v2.00\pic\include\pic16f877a.h"
   218                           PORTA equ 05h ;# 
   219  0005                     # 218 "C:\Program Files (x86)\Microchip\xc8\v2.00\pic\include\pic16f877a.h"
   220                           PORTB equ 06h ;# 
   221  0006                     # 280 "C:\Program Files (x86)\Microchip\xc8\v2.00\pic\include\pic16f877a.h"
   222                           PORTC equ 07h ;# 
   223  0007                     # 342 "C:\Program Files (x86)\Microchip\xc8\v2.00\pic\include\pic16f877a.h"
   224                           PORTD equ 08h ;# 
   225  0008                     # 404 "C:\Program Files (x86)\Microchip\xc8\v2.00\pic\include\pic16f877a.h"
   226                           PORTE equ 09h ;# 
   227  0009                     # 436 "C:\Program Files (x86)\Microchip\xc8\v2.00\pic\include\pic16f877a.h"
   228                           PCLATH equ 0Ah ;# 
   229  000A                     # 456 "C:\Program Files (x86)\Microchip\xc8\v2.00\pic\include\pic16f877a.h"
   230                           INTCON equ 0Bh ;# 
   231  000B                     # 534 "C:\Program Files (x86)\Microchip\xc8\v2.00\pic\include\pic16f877a.h"
   232                           PIR1 equ 0Ch ;# 
   233  000C                     # 596 "C:\Program Files (x86)\Microchip\xc8\v2.00\pic\include\pic16f877a.h"
   234                           PIR2 equ 0Dh ;# 
   235  000D                     # 636 "C:\Program Files (x86)\Microchip\xc8\v2.00\pic\include\pic16f877a.h"
   236                           TMR1 equ 0Eh ;# 
   237  000E                     # 643 "C:\Program Files (x86)\Microchip\xc8\v2.00\pic\include\pic16f877a.h"
   238                           TMR1L equ 0Eh ;# 
   239  000E                     # 650 "C:\Program Files (x86)\Microchip\xc8\v2.00\pic\include\pic16f877a.h"
   240                           TMR1H equ 0Fh ;# 
   241  000F                     # 657 "C:\Program Files (x86)\Microchip\xc8\v2.00\pic\include\pic16f877a.h"
   242                           T1CON equ 010h ;# 
   243  0010                     # 732 "C:\Program Files (x86)\Microchip\xc8\v2.00\pic\include\pic16f877a.h"
   244                           TMR2 equ 011h ;# 
   245  0011                     # 739 "C:\Program Files (x86)\Microchip\xc8\v2.00\pic\include\pic16f877a.h"
   246                           T2CON equ 012h ;# 
   247  0012                     # 810 "C:\Program Files (x86)\Microchip\xc8\v2.00\pic\include\pic16f877a.h"
   248                           SSPBUF equ 013h ;# 
   249  0013                     # 817 "C:\Program Files (x86)\Microchip\xc8\v2.00\pic\include\pic16f877a.h"
   250                           SSPCON equ 014h ;# 
   251  0014                     # 887 "C:\Program Files (x86)\Microchip\xc8\v2.00\pic\include\pic16f877a.h"
   252                           CCPR1 equ 015h ;# 
   253  0015                     # 894 "C:\Program Files (x86)\Microchip\xc8\v2.00\pic\include\pic16f877a.h"
   254                           CCPR1L equ 015h ;# 
   255  0015                     # 901 "C:\Program Files (x86)\Microchip\xc8\v2.00\pic\include\pic16f877a.h"
   256                           CCPR1H equ 016h ;# 
   257  0016                     # 908 "C:\Program Files (x86)\Microchip\xc8\v2.00\pic\include\pic16f877a.h"
   258                           CCP1CON equ 017h ;# 
   259  0017                     # 966 "C:\Program Files (x86)\Microchip\xc8\v2.00\pic\include\pic16f877a.h"
   260                           RCSTA equ 018h ;# 
   261  0018                     # 1061 "C:\Program Files (x86)\Microchip\xc8\v2.00\pic\include\pic16f877a.h"
   262                           TXREG equ 019h ;# 
   263  0019                     # 1068 "C:\Program Files (x86)\Microchip\xc8\v2.00\pic\include\pic16f877a.h"
   264                           RCREG equ 01Ah ;# 
   265  001A                     # 1075 "C:\Program Files (x86)\Microchip\xc8\v2.00\pic\include\pic16f877a.h"
   266                           CCPR2 equ 01Bh ;# 
   267  001B                     # 1082 "C:\Program Files (x86)\Microchip\xc8\v2.00\pic\include\pic16f877a.h"
   268                           CCPR2L equ 01Bh ;# 
   269  001B                     # 1089 "C:\Program Files (x86)\Microchip\xc8\v2.00\pic\include\pic16f877a.h"
   270                           CCPR2H equ 01Ch ;# 
   271  001C                     # 1096 "C:\Program Files (x86)\Microchip\xc8\v2.00\pic\include\pic16f877a.h"
   272                           CCP2CON equ 01Dh ;# 
   273  001D                     # 1154 "C:\Program Files (x86)\Microchip\xc8\v2.00\pic\include\pic16f877a.h"
   274                           ADRESH equ 01Eh ;# 
   275  001E                     # 1161 "C:\Program Files (x86)\Microchip\xc8\v2.00\pic\include\pic16f877a.h"
   276                           ADCON0 equ 01Fh ;# 
   277  001F                     # 1257 "C:\Program Files (x86)\Microchip\xc8\v2.00\pic\include\pic16f877a.h"
   278                           OPTION_REG equ 081h ;# 
   279  0081                     # 1327 "C:\Program Files (x86)\Microchip\xc8\v2.00\pic\include\pic16f877a.h"
   280                           TRISA equ 085h ;# 
   281  0085                     # 1377 "C:\Program Files (x86)\Microchip\xc8\v2.00\pic\include\pic16f877a.h"
   282                           TRISB equ 086h ;# 
   283  0086                     # 1439 "C:\Program Files (x86)\Microchip\xc8\v2.00\pic\include\pic16f877a.h"
   284                           TRISC equ 087h ;# 
   285  0087                     # 1501 "C:\Program Files (x86)\Microchip\xc8\v2.00\pic\include\pic16f877a.h"
   286                           TRISD equ 088h ;# 
   287  0088                     # 1563 "C:\Program Files (x86)\Microchip\xc8\v2.00\pic\include\pic16f877a.h"
   288                           TRISE equ 089h ;# 
   289  0089                     # 1620 "C:\Program Files (x86)\Microchip\xc8\v2.00\pic\include\pic16f877a.h"
   290                           PIE1 equ 08Ch ;# 
   291  008C                     # 1682 "C:\Program Files (x86)\Microchip\xc8\v2.00\pic\include\pic16f877a.h"
   292                           PIE2 equ 08Dh ;# 
   293  008D                     # 1722 "C:\Program Files (x86)\Microchip\xc8\v2.00\pic\include\pic16f877a.h"
   294                           PCON equ 08Eh ;# 
   295  008E                     # 1756 "C:\Program Files (x86)\Microchip\xc8\v2.00\pic\include\pic16f877a.h"
   296                           SSPCON2 equ 091h ;# 
   297  0091                     # 1818 "C:\Program Files (x86)\Microchip\xc8\v2.00\pic\include\pic16f877a.h"
   298                           PR2 equ 092h ;# 
   299  0092                     # 1825 "C:\Program Files (x86)\Microchip\xc8\v2.00\pic\include\pic16f877a.h"
   300                           SSPADD equ 093h ;# 
   301  0093                     # 1832 "C:\Program Files (x86)\Microchip\xc8\v2.00\pic\include\pic16f877a.h"
   302                           SSPSTAT equ 094h ;# 
   303  0094                     # 2001 "C:\Program Files (x86)\Microchip\xc8\v2.00\pic\include\pic16f877a.h"
   304                           TXSTA equ 098h ;# 
   305  0098                     # 2082 "C:\Program Files (x86)\Microchip\xc8\v2.00\pic\include\pic16f877a.h"
   306                           SPBRG equ 099h ;# 
   307  0099                     # 2089 "C:\Program Files (x86)\Microchip\xc8\v2.00\pic\include\pic16f877a.h"
   308                           CMCON equ 09Ch ;# 
   309  009C                     # 2159 "C:\Program Files (x86)\Microchip\xc8\v2.00\pic\include\pic16f877a.h"
   310                           CVRCON equ 09Dh ;# 
   311  009D                     # 2224 "C:\Program Files (x86)\Microchip\xc8\v2.00\pic\include\pic16f877a.h"
   312                           ADRESL equ 09Eh ;# 
   313  009E                     # 2231 "C:\Program Files (x86)\Microchip\xc8\v2.00\pic\include\pic16f877a.h"
   314                           ADCON1 equ 09Fh ;# 
   315  009F                     # 2290 "C:\Program Files (x86)\Microchip\xc8\v2.00\pic\include\pic16f877a.h"
   316                           EEDATA equ 010Ch ;# 
   317  010C                     # 2297 "C:\Program Files (x86)\Microchip\xc8\v2.00\pic\include\pic16f877a.h"
   318                           EEADR equ 010Dh ;# 
   319  010D                     # 2304 "C:\Program Files (x86)\Microchip\xc8\v2.00\pic\include\pic16f877a.h"
   320                           EEDATH equ 010Eh ;# 
   321  010E                     # 2311 "C:\Program Files (x86)\Microchip\xc8\v2.00\pic\include\pic16f877a.h"
   322                           EEADRH equ 010Fh ;# 
   323  010F                     # 2318 "C:\Program Files (x86)\Microchip\xc8\v2.00\pic\include\pic16f877a.h"
   324                           EECON1 equ 018Ch ;# 
   325  018C                     # 2363 "C:\Program Files (x86)\Microchip\xc8\v2.00\pic\include\pic16f877a.h"
   326                           EECON2 equ 018Dh ;# 
   327  018D                     # 54 "C:\Program Files (x86)\Microchip\xc8\v2.00\pic\include\pic16f877a.h"
   328                           INDF equ 00h ;# 
   329  0000                     # 61 "C:\Program Files (x86)\Microchip\xc8\v2.00\pic\include\pic16f877a.h"
   330                           TMR0 equ 01h ;# 
   331  0001                     # 68 "C:\Program Files (x86)\Microchip\xc8\v2.00\pic\include\pic16f877a.h"
   332                           PCL equ 02h ;# 
   333  0002                     # 75 "C:\Program Files (x86)\Microchip\xc8\v2.00\pic\include\pic16f877a.h"
   334                           STATUS equ 03h ;# 
   335  0003                     # 161 "C:\Program Files (x86)\Microchip\xc8\v2.00\pic\include\pic16f877a.h"
   336                           FSR equ 04h ;# 
   337  0004                     # 168 "C:\Program Files (x86)\Microchip\xc8\v2.00\pic\include\pic16f877a.h"
   338                           PORTA equ 05h ;# 
   339  0005                     # 218 "C:\Program Files (x86)\Microchip\xc8\v2.00\pic\include\pic16f877a.h"
   340                           PORTB equ 06h ;# 
   341  0006                     # 280 "C:\Program Files (x86)\Microchip\xc8\v2.00\pic\include\pic16f877a.h"
   342                           PORTC equ 07h ;# 
   343  0007                     # 342 "C:\Program Files (x86)\Microchip\xc8\v2.00\pic\include\pic16f877a.h"
   344                           PORTD equ 08h ;# 
   345  0008                     # 404 "C:\Program Files (x86)\Microchip\xc8\v2.00\pic\include\pic16f877a.h"
   346                           PORTE equ 09h ;# 
   347  0009                     # 436 "C:\Program Files (x86)\Microchip\xc8\v2.00\pic\include\pic16f877a.h"
   348                           PCLATH equ 0Ah ;# 
   349  000A                     # 456 "C:\Program Files (x86)\Microchip\xc8\v2.00\pic\include\pic16f877a.h"
   350                           INTCON equ 0Bh ;# 
   351  000B                     # 534 "C:\Program Files (x86)\Microchip\xc8\v2.00\pic\include\pic16f877a.h"
   352                           PIR1 equ 0Ch ;# 
   353  000C                     # 596 "C:\Program Files (x86)\Microchip\xc8\v2.00\pic\include\pic16f877a.h"
   354                           PIR2 equ 0Dh ;# 
   355  000D                     # 636 "C:\Program Files (x86)\Microchip\xc8\v2.00\pic\include\pic16f877a.h"
   356                           TMR1 equ 0Eh ;# 
   357  000E                     # 643 "C:\Program Files (x86)\Microchip\xc8\v2.00\pic\include\pic16f877a.h"
   358                           TMR1L equ 0Eh ;# 
   359  000E                     # 650 "C:\Program Files (x86)\Microchip\xc8\v2.00\pic\include\pic16f877a.h"
   360                           TMR1H equ 0Fh ;# 
   361  000F                     # 657 "C:\Program Files (x86)\Microchip\xc8\v2.00\pic\include\pic16f877a.h"
   362                           T1CON equ 010h ;# 
   363  0010                     # 732 "C:\Program Files (x86)\Microchip\xc8\v2.00\pic\include\pic16f877a.h"
   364                           TMR2 equ 011h ;# 
   365  0011                     # 739 "C:\Program Files (x86)\Microchip\xc8\v2.00\pic\include\pic16f877a.h"
   366                           T2CON equ 012h ;# 
   367  0012                     # 810 "C:\Program Files (x86)\Microchip\xc8\v2.00\pic\include\pic16f877a.h"
   368                           SSPBUF equ 013h ;# 
   369  0013                     # 817 "C:\Program Files (x86)\Microchip\xc8\v2.00\pic\include\pic16f877a.h"
   370                           SSPCON equ 014h ;# 
   371  0014                     # 887 "C:\Program Files (x86)\Microchip\xc8\v2.00\pic\include\pic16f877a.h"
   372                           CCPR1 equ 015h ;# 
   373  0015                     # 894 "C:\Program Files (x86)\Microchip\xc8\v2.00\pic\include\pic16f877a.h"
   374                           CCPR1L equ 015h ;# 
   375  0015                     # 901 "C:\Program Files (x86)\Microchip\xc8\v2.00\pic\include\pic16f877a.h"
   376                           CCPR1H equ 016h ;# 
   377  0016                     # 908 "C:\Program Files (x86)\Microchip\xc8\v2.00\pic\include\pic16f877a.h"
   378                           CCP1CON equ 017h ;# 
   379  0017                     # 966 "C:\Program Files (x86)\Microchip\xc8\v2.00\pic\include\pic16f877a.h"
   380                           RCSTA equ 018h ;# 
   381  0018                     # 1061 "C:\Program Files (x86)\Microchip\xc8\v2.00\pic\include\pic16f877a.h"
   382                           TXREG equ 019h ;# 
   383  0019                     # 1068 "C:\Program Files (x86)\Microchip\xc8\v2.00\pic\include\pic16f877a.h"
   384                           RCREG equ 01Ah ;# 
   385  001A                     # 1075 "C:\Program Files (x86)\Microchip\xc8\v2.00\pic\include\pic16f877a.h"
   386                           CCPR2 equ 01Bh ;# 
   387  001B                     # 1082 "C:\Program Files (x86)\Microchip\xc8\v2.00\pic\include\pic16f877a.h"
   388                           CCPR2L equ 01Bh ;# 
   389  001B                     # 1089 "C:\Program Files (x86)\Microchip\xc8\v2.00\pic\include\pic16f877a.h"
   390                           CCPR2H equ 01Ch ;# 
   391  001C                     # 1096 "C:\Program Files (x86)\Microchip\xc8\v2.00\pic\include\pic16f877a.h"
   392                           CCP2CON equ 01Dh ;# 
   393  001D                     # 1154 "C:\Program Files (x86)\Microchip\xc8\v2.00\pic\include\pic16f877a.h"
   394                           ADRESH equ 01Eh ;# 
   395  001E                     # 1161 "C:\Program Files (x86)\Microchip\xc8\v2.00\pic\include\pic16f877a.h"
   396                           ADCON0 equ 01Fh ;# 
   397  001F                     # 1257 "C:\Program Files (x86)\Microchip\xc8\v2.00\pic\include\pic16f877a.h"
   398                           OPTION_REG equ 081h ;# 
   399  0081                     # 1327 "C:\Program Files (x86)\Microchip\xc8\v2.00\pic\include\pic16f877a.h"
   400                           TRISA equ 085h ;# 
   401  0085                     # 1377 "C:\Program Files (x86)\Microchip\xc8\v2.00\pic\include\pic16f877a.h"
   402                           TRISB equ 086h ;# 
   403  0086                     # 1439 "C:\Program Files (x86)\Microchip\xc8\v2.00\pic\include\pic16f877a.h"
   404                           TRISC equ 087h ;# 
   405  0087                     # 1501 "C:\Program Files (x86)\Microchip\xc8\v2.00\pic\include\pic16f877a.h"
   406                           TRISD equ 088h ;# 
   407  0088                     # 1563 "C:\Program Files (x86)\Microchip\xc8\v2.00\pic\include\pic16f877a.h"
   408                           TRISE equ 089h ;# 
   409  0089                     # 1620 "C:\Program Files (x86)\Microchip\xc8\v2.00\pic\include\pic16f877a.h"
   410                           PIE1 equ 08Ch ;# 
   411  008C                     # 1682 "C:\Program Files (x86)\Microchip\xc8\v2.00\pic\include\pic16f877a.h"
   412                           PIE2 equ 08Dh ;# 
   413  008D                     # 1722 "C:\Program Files (x86)\Microchip\xc8\v2.00\pic\include\pic16f877a.h"
   414                           PCON equ 08Eh ;# 
   415  008E                     # 1756 "C:\Program Files (x86)\Microchip\xc8\v2.00\pic\include\pic16f877a.h"
   416                           SSPCON2 equ 091h ;# 
   417  0091                     # 1818 "C:\Program Files (x86)\Microchip\xc8\v2.00\pic\include\pic16f877a.h"
   418                           PR2 equ 092h ;# 
   419  0092                     # 1825 "C:\Program Files (x86)\Microchip\xc8\v2.00\pic\include\pic16f877a.h"
   420                           SSPADD equ 093h ;# 
   421  0093                     # 1832 "C:\Program Files (x86)\Microchip\xc8\v2.00\pic\include\pic16f877a.h"
   422                           SSPSTAT equ 094h ;# 
   423  0094                     # 2001 "C:\Program Files (x86)\Microchip\xc8\v2.00\pic\include\pic16f877a.h"
   424                           TXSTA equ 098h ;# 
   425  0098                     # 2082 "C:\Program Files (x86)\Microchip\xc8\v2.00\pic\include\pic16f877a.h"
   426                           SPBRG equ 099h ;# 
   427  0099                     # 2089 "C:\Program Files (x86)\Microchip\xc8\v2.00\pic\include\pic16f877a.h"
   428                           CMCON equ 09Ch ;# 
   429  009C                     # 2159 "C:\Program Files (x86)\Microchip\xc8\v2.00\pic\include\pic16f877a.h"
   430                           CVRCON equ 09Dh ;# 
   431  009D                     # 2224 "C:\Program Files (x86)\Microchip\xc8\v2.00\pic\include\pic16f877a.h"
   432                           ADRESL equ 09Eh ;# 
   433  009E                     # 2231 "C:\Program Files (x86)\Microchip\xc8\v2.00\pic\include\pic16f877a.h"
   434                           ADCON1 equ 09Fh ;# 
   435  009F                     # 2290 "C:\Program Files (x86)\Microchip\xc8\v2.00\pic\include\pic16f877a.h"
   436                           EEDATA equ 010Ch ;# 
   437  010C                     # 2297 "C:\Program Files (x86)\Microchip\xc8\v2.00\pic\include\pic16f877a.h"
   438                           EEADR equ 010Dh ;# 
   439  010D                     # 2304 "C:\Program Files (x86)\Microchip\xc8\v2.00\pic\include\pic16f877a.h"
   440                           EEDATH equ 010Eh ;# 
   441  010E                     # 2311 "C:\Program Files (x86)\Microchip\xc8\v2.00\pic\include\pic16f877a.h"
   442                           EEADRH equ 010Fh ;# 
   443  010F                     # 2318 "C:\Program Files (x86)\Microchip\xc8\v2.00\pic\include\pic16f877a.h"
   444                           EECON1 equ 018Ch ;# 
   445  018C                     # 2363 "C:\Program Files (x86)\Microchip\xc8\v2.00\pic\include\pic16f877a.h"
   446                           EECON2 equ 018Dh ;# 
   447  018D                     	FNCALL	_main,_Initialization
   448                           	FNCALL	_main,_loop
   449                           	FNCALL	_main,_setup
   450                           	FNCALL	_Initialization,_CCP1Configuration
   451                           	FNCALL	_Initialization,_CCP2Configuration
   452                           	FNROOT	_main
   453                           	global	_SSPBUF
   454                           _SSPBUF	set	0x13
   455  0013                     	global	_SSPCON
   456                           _SSPCON	set	0x14
   457  0014                     	global	_RCREG
   458                           _RCREG	set	0x1A
   459  001A                     	global	_TXREG
   460                           _TXREG	set	0x19
   461  0019                     	global	_PORTEbits
   462                           _PORTEbits	set	0x9
   463  0009                     	global	_CCPR1L
   464                           _CCPR1L	set	0x15
   465  0015                     	global	_CCPR2L
   466                           _CCPR2L	set	0x1B
   467  001B                     	global	_ADRESH
   468                           _ADRESH	set	0x1E
   469  001E                     	global	_ADCON0bits
   470                           _ADCON0bits	set	0x1F
   471  001F                     	global	_PORTAbits
   472                           _PORTAbits	set	0x5
   473  0005                     	global	_PORTDbits
   474                           _PORTDbits	set	0x8
   475  0008                     	global	_PORTBbits
   476                           _PORTBbits	set	0x6
   477  0006                     	global	_PORTCbits
   478                           _PORTCbits	set	0x7
   479  0007                     	global	_CCP2CON
   480                           _CCP2CON	set	0x1D
   481  001D                     	global	_CCP1CON
   482                           _CCP1CON	set	0x17
   483  0017                     	global	_T2CON
   484                           _T2CON	set	0x12
   485  0012                     	global	_PORTE
   486                           _PORTE	set	0x9
   487  0009                     	global	_ADCON0
   488                           _ADCON0	set	0x1F
   489  001F                     	global	_SSPIF
   490                           _SSPIF	set	0x63
   491  0063                     	global	_PEIE
   492                           _PEIE	set	0x5E
   493  005E                     	global	_GIE
   494                           _GIE	set	0x5F
   495  005F                     	global	_RCIF
   496                           _RCIF	set	0x65
   497  0065                     	global	_TXIF
   498                           _TXIF	set	0x64
   499  0064                     	global	_OERR
   500                           _OERR	set	0xC1
   501  00C1                     	global	_FERR
   502                           _FERR	set	0xC2
   503  00C2                     	global	_CREN
   504                           _CREN	set	0xC4
   505  00C4                     	global	_SPEN
   506                           _SPEN	set	0xC7
   507  00C7                     	global	_CCP1Y
   508                           _CCP1Y	set	0xBC
   509  00BC                     	global	_CCP1X
   510                           _CCP1X	set	0xBD
   511  00BD                     	global	_CCP2Y
   512                           _CCP2Y	set	0xEC
   513  00EC                     	global	_CCP2X
   514                           _CCP2X	set	0xED
   515  00ED                     	global	_SSPSTAT
   516                           _SSPSTAT	set	0x94
   517  0094                     	global	_SSPADD
   518                           _SSPADD	set	0x93
   519  0093                     	global	_SSPCON2
   520                           _SSPCON2	set	0x91
   521  0091                     	global	_SPBRG
   522                           _SPBRG	set	0x99
   523  0099                     	global	_ADRESL
   524                           _ADRESL	set	0x9E
   525  009E                     	global	_TRISAbits
   526                           _TRISAbits	set	0x85
   527  0085                     	global	_TRISDbits
   528                           _TRISDbits	set	0x88
   529  0088                     	global	_TRISBbits
   530                           _TRISBbits	set	0x86
   531  0086                     	global	_TRISCbits
   532                           _TRISCbits	set	0x87
   533  0087                     	global	_PR2
   534                           _PR2	set	0x92
   535  0092                     	global	_TRISE
   536                           _TRISE	set	0x89
   537  0089                     	global	_ADCON1
   538                           _ADCON1	set	0x9F
   539  009F                     	global	_ACKEN
   540                           _ACKEN	set	0x48C
   541  048C                     	global	_ACKDT
   542                           _ACKDT	set	0x48D
   543  048D                     	global	_RCEN
   544                           _RCEN	set	0x48B
   545  048B                     	global	_PEN
   546                           _PEN	set	0x48A
   547  048A                     	global	_RSEN
   548                           _RSEN	set	0x489
   549  0489                     	global	_SEN
   550                           _SEN	set	0x488
   551  0488                     	global	_SSPIE
   552                           _SSPIE	set	0x463
   553  0463                     	global	_TRISC4
   554                           _TRISC4	set	0x43C
   555  043C                     	global	_TRISC3
   556                           _TRISC3	set	0x43B
   557  043B                     	global	_TRMT
   558                           _TRMT	set	0x4C1
   559  04C1                     	global	_TXEN
   560                           _TXEN	set	0x4C5
   561  04C5                     	global	_TRISC6
   562                           _TRISC6	set	0x43E
   563  043E                     	global	_TRISC7
   564                           _TRISC7	set	0x43F
   565  043F                     	global	_SYNC
   566                           _SYNC	set	0x4C4
   567  04C4                     	global	_BRGH
   568                           _BRGH	set	0x4C2
   569  04C2                     ; #config settings
   570                           global __CFG_FOSC$HS
   571                           __CFG_FOSC$HS equ 0x0
   572  0000                     global __CFG_WDTE$OFF
   573                           __CFG_WDTE$OFF equ 0x0
   574  0000                     global __CFG_PWRTE$OFF
   575                           __CFG_PWRTE$OFF equ 0x0
   576  0000                     global __CFG_BOREN$OFF
   577                           __CFG_BOREN$OFF equ 0x0
   578  0000                     global __CFG_LVP$ON
   579                           __CFG_LVP$ON equ 0x0
   580  0000                     global __CFG_CPD$OFF
   581                           __CFG_CPD$OFF equ 0x0
   582  0000                     global __CFG_WRT$OFF
   583                           __CFG_WRT$OFF equ 0x0
   584  0000                     global __CFG_CP$OFF
   585                           __CFG_CP$OFF equ 0x0
   586  0000                     	file	"C:\Users\user\AppData\Local\Temp\s86o."
   587                           	line	#
   588                           psect cinit,class=CODE,delta=2
   589                           global start_initialization
   590                           start_initialization:
   591  07FC                     
   592                           global __initialization
   593                           __initialization:
   594  07FC                     psect cinit,class=CODE,delta=2,merge=1
   595                           global end_of_initialization,__end_of__initialization
   596                           
   597                           ;End of C runtime variable initialization code
   598                           
   599                           end_of_initialization:
   600  07FC                     __end_of__initialization:
   601  07FC                     clrf status
   602  07FC  0183               ljmp _main	;jump to C main() function
   603  07FD  120A  118A  2FC1   psect	cstackCOMMON,class=COMMON,space=1,noexec
   604                           global __pcstackCOMMON
   605                           __pcstackCOMMON:
   606  0000                     ?_Initialization:	; 1 bytes @ 0x0
   607  0000                     ??_Initialization:	; 1 bytes @ 0x0
   608  0000                     ?_setup:	; 1 bytes @ 0x0
   609  0000                     ??_setup:	; 1 bytes @ 0x0
   610  0000                     ?_loop:	; 1 bytes @ 0x0
   611  0000                     ??_loop:	; 1 bytes @ 0x0
   612  0000                     ?_CCP1Configuration:	; 1 bytes @ 0x0
   613  0000                     ??_CCP1Configuration:	; 1 bytes @ 0x0
   614  0000                     ?_CCP2Configuration:	; 1 bytes @ 0x0
   615  0000                     ??_CCP2Configuration:	; 1 bytes @ 0x0
   616  0000                     ??_main:	; 1 bytes @ 0x0
   617  0000                     ?_main:	; 2 bytes @ 0x0
   618  0000                     ;!
   619                           ;!Data Sizes:
   620                           ;!    Strings     0
   621                           ;!    Constant    0
   622                           ;!    Data        0
   623                           ;!    BSS         0
   624                           ;!    Persistent  0
   625                           ;!    Stack       0
   626                           ;!
   627                           ;!Auto Spaces:
   628                           ;!    Space          Size  Autos    Used
   629                           ;!    COMMON           14      0       0
   630                           ;!    BANK0            80      0       0
   631                           ;!    BANK1            80      0       0
   632                           ;!    BANK3            96      0       0
   633                           ;!    BANK2            96      0       0
   634                           
   635                           ;!
   636                           ;!Pointer List with Targets:
   637                           ;!
   638                           ;!    None.
   639                           
   640                           
   641                           ;!
   642                           ;!Critical Paths under _main in COMMON
   643                           ;!
   644                           ;!    None.
   645                           ;!
   646                           ;!Critical Paths under _main in BANK0
   647                           ;!
   648                           ;!    None.
   649                           ;!
   650                           ;!Critical Paths under _main in BANK1
   651                           ;!
   652                           ;!    None.
   653                           ;!
   654                           ;!Critical Paths under _main in BANK3
   655                           ;!
   656                           ;!    None.
   657                           ;!
   658                           ;!Critical Paths under _main in BANK2
   659                           ;!
   660                           ;!    None.
   661                           
   662 ;;
   663 ;;Main: autosize = 0, tempsize = 0, incstack = 0, save=0
   664 ;;
   665                           
   666                           ;!
   667                           ;!Call Graph Tables:
   668                           ;!
   669                           ;! ---------------------------------------------------------------------------------
   670                           ;! (Depth) Function   	        Calls       Base Space   Used Autos Params    Refs
   671                           ;! ---------------------------------------------------------------------------------
   672                           ;! (0) _main                                                 0     0      0       0
   673                           ;!                     _Initialization
   674                           ;!                               _loop
   675                           ;!                              _setup
   676                           ;! ---------------------------------------------------------------------------------
   677                           ;! (1) _setup                                                0     0      0       0
   678                           ;! ---------------------------------------------------------------------------------
   679                           ;! (1) _loop                                                 0     0      0       0
   680                           ;! ---------------------------------------------------------------------------------
   681                           ;! (1) _Initialization                                       0     0      0       0
   682                           ;!                  _CCP1Configuration
   683                           ;!                  _CCP2Configuration
   684                           ;! ---------------------------------------------------------------------------------
   685                           ;! (2) _CCP2Configuration                                    0     0      0       0
   686                           ;! ---------------------------------------------------------------------------------
   687                           ;! (2) _CCP1Configuration                                    0     0      0       0
   688                           ;! ---------------------------------------------------------------------------------
   689                           ;! Estimated maximum stack depth 2
   690                           ;! ---------------------------------------------------------------------------------
   691                           ;!
   692                           ;! Call Graph Graphs:
   693                           ;!
   694                           ;! _main (ROOT)
   695                           ;!   _Initialization
   696                           ;!     _CCP1Configuration
   697                           ;!     _CCP2Configuration
   698                           ;!   _loop
   699                           ;!   _setup
   700                           ;!
   701                           
   702                           ;! Address spaces:
   703                           
   704                           ;!Name               Size   Autos  Total    Cost      Usage
   705                           ;!BITCOMMON            E      0       0       0        0.0%
   706                           ;!EEDATA             100      0       0       0        0.0%
   707                           ;!NULL                 0      0       0       0        0.0%
   708                           ;!CODE                 0      0       0       0        0.0%
   709                           ;!COMMON               E      0       0       1        0.0%
   710                           ;!BITSFR0              0      0       0       1        0.0%
   711                           ;!SFR0                 0      0       0       1        0.0%
   712                           ;!BITSFR1              0      0       0       2        0.0%
   713                           ;!SFR1                 0      0       0       2        0.0%
   714                           ;!STACK                0      0       0       2        0.0%
   715                           ;!ABS                  0      0       0       3        0.0%
   716                           ;!BITBANK0            50      0       0       4        0.0%
   717                           ;!BITSFR3              0      0       0       4        0.0%
   718                           ;!SFR3                 0      0       0       4        0.0%
   719                           ;!BANK0               50      0       0       5        0.0%
   720                           ;!BITSFR2              0      0       0       5        0.0%
   721                           ;!SFR2                 0      0       0       5        0.0%
   722                           ;!BITBANK1            50      0       0       6        0.0%
   723                           ;!BANK1               50      0       0       7        0.0%
   724                           ;!BITBANK3            60      0       0       8        0.0%
   725                           ;!BANK3               60      0       0       9        0.0%
   726                           ;!BITBANK2            60      0       0      10        0.0%
   727                           ;!BANK2               60      0       0      11        0.0%
   728                           ;!DATA                 0      0       0      12        0.0%
   729                           
   730                           	global	_main
   731                           
   732 ;; *************** function _main *****************
   733 ;; Defined at:
   734 ;;		line 7 in file "source.c"
   735 ;; Parameters:    Size  Location     Type
   736 ;;		None
   737 ;; Auto vars:     Size  Location     Type
   738 ;;		None
   739 ;; Return value:  Size  Location     Type
   740 ;;                  2  130[None  ] int 
   741 ;; Registers used:
   742 ;;		wreg, status,2, status,0, pclath, cstack
   743 ;; Tracked objects:
   744 ;;		On entry : B00/0
   745 ;;		On exit  : 0/0
   746 ;;		Unchanged: 0/0
   747 ;; Data sizes:     COMMON   BANK0   BANK1   BANK3   BANK2
   748 ;;      Params:         0       0       0       0       0
   749 ;;      Locals:         0       0       0       0       0
   750 ;;      Temps:          0       0       0       0       0
   751 ;;      Totals:         0       0       0       0       0
   752 ;;Total ram usage:        0 bytes
   753 ;; Hardware stack levels required when called:    2
   754 ;; This function calls:
   755 ;;		_Initialization
   756 ;;		_loop
   757 ;;		_setup
   758 ;; This function is called by:
   759 ;;		Startup code after reset
   760 ;; This function uses a non-reentrant model
   761 ;;
   762                           psect	maintext,global,class=CODE,delta=2,split=1,group=0
   763                           	file	"source.c"
   764                           	line	7
   765                           global __pmaintext
   766                           __pmaintext:	;psect for function _main
   767  07C1                     psect	maintext
   768                           	file	"source.c"
   769                           	line	7
   770                           	global	__size_of_main
   771                           	__size_of_main	equ	__end_of_main-_main
   772  0015                     	
   773                           _main:	
   774  07C1                     ;incstack = 0
   775                           	opt	stack 6
   776                           ; Regs used in _main: [wreg+status,2+status,0+pclath+cstack]
   777                           	line	9
   778                           	
   779                           l1011:	
   780  07C1                     ;source.c: 9:     Initialization();
   781                           	fcall	_Initialization
   782  07C1  120A  118A  27D6  120A  118A  	line	10
   783                           	
   784                           l1013:	
   785  07C6                     ;source.c: 10:     setup();
   786                           	fcall	_setup
   787  07C6  120A  118A  27B0  120A  118A  	goto	l1015
   788  07CB  2FCC               	line	11
   789                           ;source.c: 11:     while(1)
   790                           	
   791                           l131:	
   792  07CC                     	line	13
   793                           	
   794                           l1015:	
   795  07CC                     ;source.c: 12:     {;source.c: 13:         loop();
   796                           	fcall	_loop
   797  07CC  120A  118A  27AF  120A  118A  	goto	l1015
   798  07D1  2FCC               	line	14
   799                           ;source.c: 14:     }
   800                           	
   801                           l132:	
   802  07D2                     	goto	l1015
   803  07D2  2FCC               	
   804                           l133:	
   805  07D3                     	line	16
   806                           ;source.c: 15:     return 0;;	Return value of _main is never used
   807                           	
   808                           l134:	
   809  07D3                     	global	start
   810                           	ljmp	start
   811  07D3  120A  118A  2800   	opt stack 0
   812                           GLOBAL	__end_of_main
   813                           	__end_of_main:
   814  07D6                     	signat	_main,90
   815                           	global	_setup
   816                           
   817 ;; *************** function _setup *****************
   818 ;; Defined at:
   819 ;;		line 3 in file "application.c"
   820 ;; Parameters:    Size  Location     Type
   821 ;;		None
   822 ;; Auto vars:     Size  Location     Type
   823 ;;		None
   824 ;; Return value:  Size  Location     Type
   825 ;;                  1    wreg      void 
   826 ;; Registers used:
   827 ;;		None
   828 ;; Tracked objects:
   829 ;;		On entry : 0/0
   830 ;;		On exit  : 0/0
   831 ;;		Unchanged: 0/0
   832 ;; Data sizes:     COMMON   BANK0   BANK1   BANK3   BANK2
   833 ;;      Params:         0       0       0       0       0
   834 ;;      Locals:         0       0       0       0       0
   835 ;;      Temps:          0       0       0       0       0
   836 ;;      Totals:         0       0       0       0       0
   837 ;;Total ram usage:        0 bytes
   838 ;; Hardware stack levels used:    1
   839 ;; This function calls:
   840 ;;		Nothing
   841 ;; This function is called by:
   842 ;;		_main
   843 ;; This function uses a non-reentrant model
   844 ;;
   845                           psect	text1,local,class=CODE,delta=2,merge=1,group=0
   846                           	file	"application.c"
   847                           	line	3
   848                           global __ptext1
   849                           __ptext1:	;psect for function _setup
   850  07B0                     psect	text1
   851                           	file	"application.c"
   852                           	line	3
   853                           	global	__size_of_setup
   854                           	__size_of_setup	equ	__end_of_setup-_setup
   855  0001                     	
   856                           _setup:	
   857  07B0                     ;incstack = 0
   858                           	opt	stack 7
   859                           ; Regs used in _setup: []
   860                           	line	6
   861                           	
   862                           l387:	
   863  07B0                     	return
   864  07B0  0008               	opt stack 0
   865                           GLOBAL	__end_of_setup
   866                           	__end_of_setup:
   867  07B1                     	signat	_setup,89
   868                           	global	_loop
   869                           
   870 ;; *************** function _loop *****************
   871 ;; Defined at:
   872 ;;		line 9 in file "application.c"
   873 ;; Parameters:    Size  Location     Type
   874 ;;		None
   875 ;; Auto vars:     Size  Location     Type
   876 ;;		None
   877 ;; Return value:  Size  Location     Type
   878 ;;                  1    wreg      void 
   879 ;; Registers used:
   880 ;;		None
   881 ;; Tracked objects:
   882 ;;		On entry : 0/0
   883 ;;		On exit  : 0/0
   884 ;;		Unchanged: 0/0
   885 ;; Data sizes:     COMMON   BANK0   BANK1   BANK3   BANK2
   886 ;;      Params:         0       0       0       0       0
   887 ;;      Locals:         0       0       0       0       0
   888 ;;      Temps:          0       0       0       0       0
   889 ;;      Totals:         0       0       0       0       0
   890 ;;Total ram usage:        0 bytes
   891 ;; Hardware stack levels used:    1
   892 ;; This function calls:
   893 ;;		Nothing
   894 ;; This function is called by:
   895 ;;		_main
   896 ;; This function uses a non-reentrant model
   897 ;;
   898                           psect	text2,local,class=CODE,delta=2,merge=1,group=0
   899                           	line	9
   900                           global __ptext2
   901                           __ptext2:	;psect for function _loop
   902  07AF                     psect	text2
   903                           	file	"application.c"
   904                           	line	9
   905                           	global	__size_of_loop
   906                           	__size_of_loop	equ	__end_of_loop-_loop
   907  0001                     	
   908                           _loop:	
   909  07AF                     ;incstack = 0
   910                           	opt	stack 7
   911                           ; Regs used in _loop: []
   912                           	line	12
   913                           	
   914                           l390:	
   915  07AF                     	return
   916  07AF  0008               	opt stack 0
   917                           GLOBAL	__end_of_loop
   918                           	__end_of_loop:
   919  07B0                     	signat	_loop,89
   920                           	global	_Initialization
   921                           
   922 ;; *************** function _Initialization *****************
   923 ;; Defined at:
   924 ;;		line 18 in file "source.c"
   925 ;; Parameters:    Size  Location     Type
   926 ;;		None
   927 ;; Auto vars:     Size  Location     Type
   928 ;;		None
   929 ;; Return value:  Size  Location     Type
   930 ;;                  1    wreg      void 
   931 ;; Registers used:
   932 ;;		wreg, status,2, status,0, pclath, cstack
   933 ;; Tracked objects:
   934 ;;		On entry : 0/0
   935 ;;		On exit  : 0/0
   936 ;;		Unchanged: 0/0
   937 ;; Data sizes:     COMMON   BANK0   BANK1   BANK3   BANK2
   938 ;;      Params:         0       0       0       0       0
   939 ;;      Locals:         0       0       0       0       0
   940 ;;      Temps:          0       0       0       0       0
   941 ;;      Totals:         0       0       0       0       0
   942 ;;Total ram usage:        0 bytes
   943 ;; Hardware stack levels used:    1
   944 ;; Hardware stack levels required when called:    1
   945 ;; This function calls:
   946 ;;		_CCP1Configuration
   947 ;;		_CCP2Configuration
   948 ;; This function is called by:
   949 ;;		_main
   950 ;; This function uses a non-reentrant model
   951 ;;
   952                           psect	text3,local,class=CODE,delta=2,merge=1,group=0
   953                           	file	"source.c"
   954                           	line	18
   955                           global __ptext3
   956                           __ptext3:	;psect for function _Initialization
   957  07D6                     psect	text3
   958                           	file	"source.c"
   959                           	line	18
   960                           	global	__size_of_Initialization
   961                           	__size_of_Initialization	equ	__end_of_Initialization-_Initialization
   962  0026                     	
   963                           _Initialization:	
   964  07D6                     ;incstack = 0
   965                           	opt	stack 6
   966                           ; Regs used in _Initialization: [wreg+status,2+status,0+pclath+cstack]
   967                           	line	21
   968                           	
   969                           l987:	
   970  07D6                     ;source.c: 21:     ADCON0 = 0x81;
   971                           	movlw	low(081h)
   972  07D6  3081               	bcf	status, 5	;RP0=0, select bank0
   973  07D7  1283               	bcf	status, 6	;RP1=0, select bank0
   974  07D8  1303               	movwf	(31)	;volatile
   975  07D9  009F               	line	22
   976                           ;source.c: 22:     ADCON1 = 0xC2;
   977                           	movlw	low(0C2h)
   978  07DA  30C2               	bsf	status, 5	;RP0=1, select bank1
   979  07DB  1683               	bcf	status, 6	;RP1=0, select bank1
   980  07DC  1303               	movwf	(159)^080h	;volatile
   981  07DD  009F               	line	24
   982                           # 24 "source.c"
   983                           CLRF PORTA ;# 
   984  07DE  0185               	line	25
   985                           # 25 "source.c"
   986                           MOVLW 0x3F ;# 
   987  07DF  303F               	line	26
   988                           # 26 "source.c"
   989                           MOVWF TRISA ;# 
   990  07E0  0085               	line	28
   991                           # 28 "source.c"
   992                           CLRF PORTB ;# 
   993  07E1  0186               	line	29
   994                           # 29 "source.c"
   995                           MOVLW 0x00 ;# 
   996  07E2  3000               	line	30
   997                           # 30 "source.c"
   998                           MOVWF TRISB ;# 
   999  07E3  0086               	line	32
  1000                           # 32 "source.c"
  1001                           CLRF PORTC ;# 
  1002  07E4  0187               	line	33
  1003                           # 33 "source.c"
  1004                           MOVLW 0x00 ;# 
  1005  07E5  3000               	line	34
  1006                           # 34 "source.c"
  1007                           MOVWF TRISC ;# 
  1008  07E6  0087               psect	text3
  1009                           	line	35
  1010                           	
  1011                           l989:	
  1012  07E7                     ;source.c: 35:     CCP1Configuration();
  1013                           	fcall	_CCP1Configuration
  1014  07E7  120A  118A  27B6  120A  118A  	line	36
  1015                           	
  1016                           l991:	
  1017  07EC                     ;source.c: 36:     CCP2Configuration();
  1018                           	fcall	_CCP2Configuration
  1019  07EC  120A  118A  27B1  120A  118A  	line	38
  1020                           # 38 "source.c"
  1021                           CLRF PORTD ;# 
  1022  07F1  0188               	line	39
  1023                           # 39 "source.c"
  1024                           MOVLW 0x00 ;# 
  1025  07F2  3000               	line	40
  1026                           # 40 "source.c"
  1027                           MOVF TRISD ;# 
  1028  07F3  0888               psect	text3
  1029                           	line	41
  1030                           	
  1031                           l993:	
  1032  07F4                     ;source.c: 41:     PORTE = 0x00;
  1033                           	bcf	status, 5	;RP0=0, select bank0
  1034  07F4  1283               	bcf	status, 6	;RP1=0, select bank0
  1035  07F5  1303               	clrf	(9)	;volatile
  1036  07F6  0189               	line	42
  1037                           	
  1038                           l995:	
  1039  07F7                     ;source.c: 42:     TRISE = 0x07;
  1040                           	movlw	low(07h)
  1041  07F7  3007               	bsf	status, 5	;RP0=1, select bank1
  1042  07F8  1683               	bcf	status, 6	;RP1=0, select bank1
  1043  07F9  1303               	movwf	(137)^080h	;volatile
  1044  07FA  0089               	line	43
  1045                           	
  1046                           l137:	
  1047  07FB                     	return
  1048  07FB  0008               	opt stack 0
  1049                           GLOBAL	__end_of_Initialization
  1050                           	__end_of_Initialization:
  1051  07FC                     	signat	_Initialization,89
  1052                           	global	_CCP2Configuration
  1053                           
  1054 ;; *************** function _CCP2Configuration *****************
  1055 ;; Defined at:
  1056 ;;		line 55 in file "source.c"
  1057 ;; Parameters:    Size  Location     Type
  1058 ;;		None
  1059 ;; Auto vars:     Size  Location     Type
  1060 ;;		None
  1061 ;; Return value:  Size  Location     Type
  1062 ;;                  1    wreg      void 
  1063 ;; Registers used:
  1064 ;;		wreg
  1065 ;; Tracked objects:
  1066 ;;		On entry : 0/0
  1067 ;;		On exit  : 0/0
  1068 ;;		Unchanged: 0/0
  1069 ;; Data sizes:     COMMON   BANK0   BANK1   BANK3   BANK2
  1070 ;;      Params:         0       0       0       0       0
  1071 ;;      Locals:         0       0       0       0       0
  1072 ;;      Temps:          0       0       0       0       0
  1073 ;;      Totals:         0       0       0       0       0
  1074 ;;Total ram usage:        0 bytes
  1075 ;; Hardware stack levels used:    1
  1076 ;; This function calls:
  1077 ;;		Nothing
  1078 ;; This function is called by:
  1079 ;;		_Initialization
  1080 ;; This function uses a non-reentrant model
  1081 ;;
  1082                           psect	text4,local,class=CODE,delta=2,merge=1,group=0
  1083                           	line	55
  1084                           global __ptext4
  1085                           __ptext4:	;psect for function _CCP2Configuration
  1086  07B1                     psect	text4
  1087                           	file	"source.c"
  1088                           	line	55
  1089                           	global	__size_of_CCP2Configuration
  1090                           	__size_of_CCP2Configuration	equ	__end_of_CCP2Configuration-_CCP2Configuration
  1091  0005                     	
  1092                           _CCP2Configuration:	
  1093  07B1                     ;incstack = 0
  1094                           	opt	stack 6
  1095                           ; Regs used in _CCP2Configuration: [wreg]
  1096                           	line	57
  1097                           	
  1098                           l985:	
  1099  07B1                     ;source.c: 57:     CCP2CON = 0x4F;
  1100                           	movlw	low(04Fh)
  1101  07B1  304F               	bcf	status, 5	;RP0=0, select bank0
  1102  07B2  1283               	bcf	status, 6	;RP1=0, select bank0
  1103  07B3  1303               	movwf	(29)	;volatile
  1104  07B4  009D               	line	58
  1105                           	
  1106                           l146:	
  1107  07B5                     	return
  1108  07B5  0008               	opt stack 0
  1109                           GLOBAL	__end_of_CCP2Configuration
  1110                           	__end_of_CCP2Configuration:
  1111  07B6                     	signat	_CCP2Configuration,89
  1112                           	global	_CCP1Configuration
  1113                           
  1114 ;; *************** function _CCP1Configuration *****************
  1115 ;; Defined at:
  1116 ;;		line 44 in file "source.c"
  1117 ;; Parameters:    Size  Location     Type
  1118 ;;		None
  1119 ;; Auto vars:     Size  Location     Type
  1120 ;;		None
  1121 ;; Return value:  Size  Location     Type
  1122 ;;                  1    wreg      void 
  1123 ;; Registers used:
  1124 ;;		wreg
  1125 ;; Tracked objects:
  1126 ;;		On entry : 0/0
  1127 ;;		On exit  : 0/0
  1128 ;;		Unchanged: 0/0
  1129 ;; Data sizes:     COMMON   BANK0   BANK1   BANK3   BANK2
  1130 ;;      Params:         0       0       0       0       0
  1131 ;;      Locals:         0       0       0       0       0
  1132 ;;      Temps:          0       0       0       0       0
  1133 ;;      Totals:         0       0       0       0       0
  1134 ;;Total ram usage:        0 bytes
  1135 ;; Hardware stack levels used:    1
  1136 ;; This function calls:
  1137 ;;		Nothing
  1138 ;; This function is called by:
  1139 ;;		_Initialization
  1140 ;; This function uses a non-reentrant model
  1141 ;;
  1142                           psect	text5,local,class=CODE,delta=2,merge=1,group=0
  1143                           	line	44
  1144                           global __ptext5
  1145                           __ptext5:	;psect for function _CCP1Configuration
  1146  07B6                     psect	text5
  1147                           	file	"source.c"
  1148                           	line	44
  1149                           	global	__size_of_CCP1Configuration
  1150                           	__size_of_CCP1Configuration	equ	__end_of_CCP1Configuration-_CCP1Configuration
  1151  000B                     	
  1152                           _CCP1Configuration:	
  1153  07B6                     ;incstack = 0
  1154                           	opt	stack 6
  1155                           ; Regs used in _CCP1Configuration: [wreg]
  1156                           	line	46
  1157                           	
  1158                           l983:	
  1159  07B6                     ;source.c: 46:     PR2 = 0xFF;
  1160                           	movlw	low(0FFh)
  1161  07B6  30FF               	bsf	status, 5	;RP0=1, select bank1
  1162  07B7  1683               	bcf	status, 6	;RP1=0, select bank1
  1163  07B8  1303               	movwf	(146)^080h	;volatile
  1164  07B9  0092               	line	47
  1165                           ;source.c: 47:     T2CON = 0x05;
  1166                           	movlw	low(05h)
  1167  07BA  3005               	bcf	status, 5	;RP0=0, select bank0
  1168  07BB  1283               	bcf	status, 6	;RP1=0, select bank0
  1169  07BC  1303               	movwf	(18)	;volatile
  1170  07BD  0092               	line	48
  1171                           ;source.c: 48:     CCP1CON = 0x4F;
  1172                           	movlw	low(04Fh)
  1173  07BE  304F               	movwf	(23)	;volatile
  1174  07BF  0097               	line	49
  1175                           	
  1176                           l140:	
  1177  07C0                     	return
  1178  07C0  0008               	opt stack 0
  1179                           GLOBAL	__end_of_CCP1Configuration
  1180                           	__end_of_CCP1Configuration:
  1181  07C1                     	signat	_CCP1Configuration,89
  1182                           global	___latbits
  1183                           ___latbits	equ	2
  1184  0002                     	global	btemp
  1185                           	btemp set 07Eh
  1186  007E                     
  1187                           	DABS	1,126,2	;btemp
  1188                           	global	wtemp0
  1189                           	wtemp0 set btemp+0
  1190  007E                     	end


Data Sizes:
    Strings     0
    Constant    0
    Data        0
    BSS         0
    Persistent  0
    Stack       0

Auto Spaces:
    Space          Size  Autos    Used
    COMMON           14      0       0
    BANK0            80      0       0
    BANK1            80      0       0
    BANK3            96      0       0
    BANK2            96      0       0

Pointer List with Targets:

    None.

Critical Paths under _main in COMMON

    None.

Critical Paths under _main in BANK0

    None.

Critical Paths under _main in BANK1

    None.

Critical Paths under _main in BANK3

    None.

Critical Paths under _main in BANK2

    None.

Call Graph Tables:

 ---------------------------------------------------------------------------------
 (Depth) Function   	        Calls       Base Space   Used Autos Params    Refs
 ---------------------------------------------------------------------------------
 (0) _main                                                 0     0      0       0
                     _Initialization
                               _loop
                              _setup
 ---------------------------------------------------------------------------------
 (1) _setup                                                0     0      0       0
 ---------------------------------------------------------------------------------
 (1) _loop                                                 0     0      0       0
 ---------------------------------------------------------------------------------
 (1) _Initialization                                       0     0      0       0
                  _CCP1Configuration
                  _CCP2Configuration
 ---------------------------------------------------------------------------------
 (2) _CCP2Configuration                                    0     0      0       0
 ---------------------------------------------------------------------------------
 (2) _CCP1Configuration                                    0     0      0       0
 ---------------------------------------------------------------------------------
 Estimated maximum stack depth 2
 ---------------------------------------------------------------------------------

 Call Graph Graphs:

 _main (ROOT)
   _Initialization
     _CCP1Configuration
     _CCP2Configuration
   _loop
   _setup

 Address spaces:
Name               Size   Autos  Total    Cost      Usage
BITCOMMON            E      0       0       0        0.0%
EEDATA             100      0       0       0        0.0%
NULL                 0      0       0       0        0.0%
CODE                 0      0       0       0        0.0%
COMMON               E      0       0       1        0.0%
BITSFR0              0      0       0       1        0.0%
SFR0                 0      0       0       1        0.0%
BITSFR1              0      0       0       2        0.0%
SFR1                 0      0       0       2        0.0%
STACK                0      0       0       2        0.0%
ABS                  0      0       0       3        0.0%
BITBANK0            50      0       0       4        0.0%
BITSFR3              0      0       0       4        0.0%
SFR3                 0      0       0       4        0.0%
BANK0               50      0       0       5        0.0%
BITSFR2              0      0       0       5        0.0%
SFR2                 0      0       0       5        0.0%
BITBANK1            50      0       0       6        0.0%
BANK1               50      0       0       7        0.0%
BITBANK3            60      0       0       8        0.0%
BANK3               60      0       0       9        0.0%
BITBANK2            60      0       0      10        0.0%
BANK2               60      0       0      11        0.0%
DATA                 0      0       0      12        0.0%


Microchip Technology PIC Macro Assembler V2.00 build -1524193055 
Symbol Table                                                                                   Mon Jun 15 19:00:48 2020

               __CFG_CP$OFF 0000                 __CFG_LVP$ON 0000                         l131 07CC  
                       l140 07C0                         l132 07D2                         l133 07D3  
                       l134 07D3                         l137 07FB                         l146 07B5  
                       l390 07AF                         l387 07B0                         l983 07B6  
                       l991 07EC                         l985 07B1                         l993 07F4  
                       l995 07F7                         l987 07D6                         _GIE 005F  
                       l989 07E7                         _PR2 0092                         _PEN 048A  
              __CFG_CPD$OFF 0000                         _SEN 0488                __CFG_FOSC$HS 0000  
                      l1011 07C1                        l1013 07C6                        l1015 07CC  
                      PORTA 0005                        PORTB 0006                        PORTC 0007  
                      PORTD 0008                        TRISA 0085                        TRISB 0086  
                      TRISC 0087                        TRISD 0088                        _BRGH 04C2  
                      _CREN 00C4                        _FERR 00C2                        _PEIE 005E  
                      _RCEN 048B                        _RCIF 0065                        _OERR 00C1  
                      _SPEN 00C7                        _RSEN 0489                        _TRMT 04C1  
                      _TXEN 04C5                        _TXIF 0064                        _SYNC 04C4  
              __CFG_WRT$OFF 0000                        _main 07C1                        _loop 07AF  
                      btemp 007E                        start 0000           _CCP2Configuration 07B1  
        ?_CCP2Configuration 0000                       ?_main 0000                       _ACKEN 048C  
                     _ACKDT 048D                       _CCP1X 00BD                       _CCP1Y 00BC  
                     _CCP2X 00ED                       _CCP2Y 00EC                       ?_loop 0000  
             __CFG_WDTE$OFF 0000                       _T2CON 0012                       _RCREG 001A  
                     _SPBRG 0099                       _PORTE 0009                       _SSPIE 0463  
                     _TRISE 0089                       _SSPIF 0063                       _TXREG 0019  
       ??_CCP2Configuration 0000                       _setup 07B0              __CFG_BOREN$OFF 0000  
                     status 0003                       wtemp0 007E  __size_of_CCP1Configuration 000B  
           __initialization 07FC   __end_of_CCP2Configuration 07B6                __end_of_main 07D6  
              __end_of_loop 07B0     __size_of_Initialization 0026                      ??_main 0000  
                    ??_loop 0000                      _ADCON0 001F                      _ADCON1 009F  
                    _ADRESH 001E                      _ADRESL 009E                      _CCPR1L 0015  
                    _CCPR2L 001B                      ?_setup 0000                      _SSPADD 0093  
                    _TRISC3 043B                      _TRISC4 043C                      _TRISC6 043E  
                    _TRISC7 043F                      _SSPCON 0014                      _SSPBUF 0013  
            __CFG_PWRTE$OFF 0000     __end_of__initialization 07FC  __size_of_CCP2Configuration 0005  
            __pcstackCOMMON 0000               __end_of_setup 07B1                     ??_setup 0000  
                __pmaintext 07C1              _Initialization 07D6                     _CCP1CON 0017  
                   _CCP2CON 001D                     _SSPCON2 0091                     _SSPSTAT 0094  
    __end_of_Initialization 07FC                     __ptext1 07B0                     __ptext2 07AF  
                   __ptext3 07D6                     __ptext4 07B1                     __ptext5 07B6  
      end_of_initialization 07FC             ?_Initialization 0000                   _PORTAbits 0005  
                 _PORTBbits 0006                   _PORTCbits 0007                   _PORTDbits 0008  
                 _PORTEbits 0009                   _TRISAbits 0085                   _TRISBbits 0086  
                 _TRISCbits 0087                   _TRISDbits 0088         start_initialization 07FC  
                 ___latbits 0002              __size_of_setup 0001            ??_Initialization 0000  
                _ADCON0bits 001F               __size_of_main 0015               __size_of_loop 0001  
         _CCP1Configuration 07B6          ?_CCP1Configuration 0000         ??_CCP1Configuration 0000  
 __end_of_CCP1Configuration 07C1  
